<?xml version="1.0" encoding="UTF-8"?>
<!-- Generated by org.testng.reporters.JUnitXMLReporter -->
<testsuite hostname="ASHUTOSH" ignored="0" name="Test" tests="6" failures="0" timestamp="07 Jul 2019 00:31:31 GMT" time="0.034" errors="0">
  <testcase name="deleteTwitter" time="0.006" classname="qaclickacademy.RestApiTest"/>
  <testcase name="postJira" time="0.001" classname="qaclickacademy.RestApiTest"/>
  <testcase name="BrowserAutomation" time="0.0" classname="qaclickacademy.SeleniumTest"/>
  <testcase name="elementsUI" time="0.001" classname="qaclickacademy.SeleniumTest"/>
  <testcase name="IOSApps" time="0.001" classname="qaclickacademy.AppiumTest"/>
  <testcase name="NativeAppAndroid" time="0.0" classname="qaclickacademy.AppiumTest"/>
</testsuite> <!-- Test -->
