<?xml version="1.0" encoding="UTF-8"?>
<!-- Generated by org.testng.reporters.JUnitXMLReporter -->
<testsuite hostname="ASHUTOSH" ignored="0" name="Test" tests="4" failures="0" timestamp="07 Jul 2019 15:26:19 GMT" time="0.027" errors="0">
  <testcase name="deleteTwitter" time="0.004" classname="qaclickacademy.RestApiTest"/>
  <testcase name="postJira" time="0.0" classname="qaclickacademy.RestApiTest"/>
  <testcase name="BrowserAutomation" time="0.0" classname="qaclickacademy.SeleniumTest"/>
  <testcase name="elementsUI" time="0.0" classname="qaclickacademy.SeleniumTest"/>
</testsuite> <!-- Test -->
