<?xml version="1.0" encoding="UTF-8"?>
<testng-results skipped="0" failed="0" ignored="0" total="4" passed="4">
  <reporter-output>
  </reporter-output>
  <suite name="Suite" duration-ms="27" started-at="2019-07-07T15:26:19Z" finished-at="2019-07-07T15:26:19Z">
    <groups>
    </groups>
    <test name="Test" duration-ms="27" started-at="2019-07-07T15:26:19Z" finished-at="2019-07-07T15:26:19Z">
      <class name="qaclickacademy.RestApiTest">
        <test-method status="PASS" signature="deleteTwitter()[pri:0, instance:qaclickacademy.RestApiTest@2d554825]" name="deleteTwitter" duration-ms="4" started-at="2019-07-07T15:26:19Z" finished-at="2019-07-07T15:26:19Z">
          <reporter-output>
          </reporter-output>
        </test-method> <!-- deleteTwitter -->
        <test-method status="PASS" signature="postJira()[pri:0, instance:qaclickacademy.RestApiTest@2d554825]" name="postJira" duration-ms="0" started-at="2019-07-07T15:26:19Z" finished-at="2019-07-07T15:26:19Z">
          <reporter-output>
          </reporter-output>
        </test-method> <!-- postJira -->
      </class> <!-- qaclickacademy.RestApiTest -->
      <class name="qaclickacademy.SeleniumTest">
        <test-method status="PASS" signature="elementsUI()[pri:0, instance:qaclickacademy.SeleniumTest@68837a77]" name="elementsUI" duration-ms="0" started-at="2019-07-07T15:26:19Z" finished-at="2019-07-07T15:26:19Z">
          <reporter-output>
          </reporter-output>
        </test-method> <!-- elementsUI -->
        <test-method status="PASS" signature="BrowserAutomation()[pri:0, instance:qaclickacademy.SeleniumTest@68837a77]" name="BrowserAutomation" duration-ms="0" started-at="2019-07-07T15:26:19Z" finished-at="2019-07-07T15:26:19Z">
          <reporter-output>
          </reporter-output>
        </test-method> <!-- BrowserAutomation -->
      </class> <!-- qaclickacademy.SeleniumTest -->
    </test> <!-- Test -->
  </suite> <!-- Suite -->
</testng-results>
