<?xml version="1.0" encoding="UTF-8"?>
<testng-results skipped="0" failed="0" ignored="0" total="2" passed="2">
  <reporter-output>
  </reporter-output>
  <suite name="Default suite" duration-ms="36" started-at="2019-07-07T00:31:43Z" finished-at="2019-07-07T00:31:43Z">
    <groups>
    </groups>
    <test name="Default test" duration-ms="36" started-at="2019-07-07T00:31:43Z" finished-at="2019-07-07T00:31:43Z">
      <class name="qaclickacademy.RestApiTest">
        <test-method status="PASS" signature="deleteTwitter()[pri:0, instance:qaclickacademy.RestApiTest@1e88b3c]" name="deleteTwitter" duration-ms="9" started-at="2019-07-07T00:31:43Z" finished-at="2019-07-07T00:31:43Z">
          <reporter-output>
          </reporter-output>
        </test-method> <!-- deleteTwitter -->
        <test-method status="PASS" signature="postJira()[pri:0, instance:qaclickacademy.RestApiTest@1e88b3c]" name="postJira" duration-ms="1" started-at="2019-07-07T00:31:43Z" finished-at="2019-07-07T00:31:43Z">
          <reporter-output>
          </reporter-output>
        </test-method> <!-- postJira -->
      </class> <!-- qaclickacademy.RestApiTest -->
    </test> <!-- Default test -->
  </suite> <!-- Default suite -->
</testng-results>
